MPASM  5.50                BINARY2DECIMAL.ASM   8-14-2018  16:11:20         PAGE  1


LOC  OBJECT CODE     LINE SOURCE TEXT
  VALUE

                      00001  LIST P=16F84A
                      00002 
                      00003 ;LANGUAGE               RISC-like architecture
                      00004 ;GITHUB                 https://github.com/neo-pascal
                      00005 ;WRITTEN BY             Neo Ayestaran
                      00006 ;DATE                   15/03/18             
                      00007 ;FILE SAVED AS          Binary2Decimal.ASM
                      00008 ;FOR PIC 16F84A         18 pin device
                      00009 ;CRYSTAL                4MHz
                      00010 ;CODE PROTECTION        OFF
                      00011 ;SOFTWARE FUNCTION      'Display an 8-bit binary value and ask the user to work out the decimal value'
                      00012 
0000                  00013  ORG 0
0000   2930           00014  GOTO MAIN
                      00015 
                      00016  #include "LCD_Module_16x2_4Bit.inc"
                      00001 ;LANGUAGE               RISC-like architecture
                      00002 ;GITHUB                 https://github.com/Code-Munkeys
                      00003 ;WRITTEN BY             Franz Ayestaran
                      00004 ;DATE                   08/08/97
                      00005 ;UPDATED                31/03/18
                      00006 ;FILE SAVED AS          LCD_Module_16x2_4Bit.inc
                      00007 ;FOR PIC 16F84A         18 pin device
                      00008 ;SOFTWARE FUNCTION      'LCD/LED/OLED Display Driver'
                      00009 
                      00010 ;==== DECLARE VARIABLES (f) ====
                      00011 ;===============================
                      00012 
  00000002            00013 PC          EQU     2
  00000003            00014 STATUS      EQU     3
  00000000            00015 C           EQU     0
  00000081            00016 OPTREG      EQU     81H
  00000005            00017 RP0FLAG     EQU     5
  00000010            00018 CHAR        EQU     010H
  00000011            00019 NIBBLE      EQU     011H
  00000012            00020 LETTER      EQU     012H
  00000013            00021 DIRECTION   EQU     013H
  00000014            00022 DISPLAY     EQU     014H
  00000000            00023 ZERO        EQU     00H
                      00024 
  00000020            00025 LEFT        EQU     B'00100000'
  00000024            00026 RIGHT       EQU     B'00100100'
  00000028            00027 LINE1       EQU     B'00101000'
  0000002C            00028 LINE2       EQU     B'00101100'
  0000002F            00029 DISPLAY_ON  EQU     B'00101111'
  0000002B            00030 DISPLAY_OFF EQU     B'00101011'
                      00031 
  00000000            00032 BIT0        EQU     0
  00000001            00033 BIT1        EQU     1
  00000002            00034 BIT2        EQU     2
  00000003            00035 BIT3        EQU     3
  00000004            00036 BIT4        EQU     4
  00000005            00037 BIT5        EQU     5
MPASM  5.50                BINARY2DECIMAL.ASM   8-14-2018  16:11:20         PAGE  2


LOC  OBJECT CODE     LINE SOURCE TEXT
  VALUE

  00000006            00038 BIT6        EQU     6
  00000007            00039 BIT7        EQU     7
                      00040 
  00000000            00041 DB4         EQU     0 ;Pin1 Gray
  00000001            00042 DB5         EQU     1 ;Pin2 White
  00000002            00043 DB6         EQU     2 ;Pin3 Black
  00000003            00044 DB7         EQU     3 ;Pin4 Brown
                      00045 
  00000004            00046 RS          EQU     4 ;Pin5 Yellow
  00000005            00047 ENABLE      EQU     5 ;Pin6 Blue
                      00048 
                      00049 ;== DEFINE PORT-B (B0-B7) ==
                      00050 
  00000086            00051 TRISB       EQU     86H
  00000006            00052 PORTIOB     EQU     06H
  00000088            00053 OPTIONS     EQU     88H
                      00054 
                      00055 ;===========================
                      00056 
                      00057 ;*** SUBROUTINES ***
                      00058 ;*******************
                      00059 
0001                  00060 DELAY
0001   0063           00061         SLEEP
0002   0008           00062         RETURN
                      00063 
0003                  00064 DELAY5
0003   2001           00065         CALL    DELAY
0004   2001           00066         CALL    DELAY
0005   2001           00067         CALL    DELAY
0006   2001           00068         CALL    DELAY
0007   2001           00069         CALL    DELAY
0008   0008           00070         RETURN
                      00071 
0009                  00072 DELAY10
0009   2003           00073         CALL    DELAY5
000A   2003           00074         CALL    DELAY5
000B   0008           00075         RETURN
                      00076 
000C                  00077 DELAY50
000C   2009           00078         CALL    DELAY10
000D   2009           00079         CALL    DELAY10
000E   2009           00080         CALL    DELAY10
000F   2009           00081         CALL    DELAY10
0010   2009           00082         CALL    DELAY10
0011   0008           00083         RETURN
                      00084 
0012                  00085 SET_DELAY                          ;SLEEP Function
0012   1683           00086         BSF     STATUS,RP0FLAG ;SELECT REGISTER BANK 1
0013   0081           00087         MOVWF   OPTREG^80H         ;ASSIGN PRESCALER (1:4) TO WDT
                      00088                                    ;COMMENT OUT ABOVE WHEN DEVELOPING ON SIMULATOR
0014   1283           00089         BCF     STATUS,RP0FLAG ;SELECT REGISTER BANK 0
0015   0008           00090         RETURN
MPASM  5.50                BINARY2DECIMAL.ASM   8-14-2018  16:11:20         PAGE  3


LOC  OBJECT CODE     LINE SOURCE TEXT
  VALUE

                      00091 
0016                  00092 STROBE
0016   2001           00093         CALL    DELAY
0017   1286           00094         BCF     PORTIOB,ENABLE
0018   0008           00095         RETURN
                      00096 
                      00097 ;RS RW DB7 DB6 DB5 DB4 DB3 DB2 DB1 DB0
                      00098 ;0  0   0   0   1  DL   N   F   *   *
0019                  00099 SET_FUNCTION
0019   3022           00100         MOVLW   B'00100010'
001A   0086           00101         MOVWF   PORTIOB
001B   2016           00102         CALL    STROBE
001C   3022           00103         MOVLW   B'00100010'
001D   0086           00104         MOVWF   PORTIOB
001E   2016           00105         CALL    STROBE
001F   3028           00106         MOVLW   B'00101000'
0020   0086           00107         MOVWF   PORTIOB
0021   2016           00108         CALL    STROBE
0022   0008           00109         RETURN
                      00110 
                      00111 ;RS RW DB7 DB6 DB5 DB4 DB3 DB2 DB1 DB0
                      00112 ;0  0   0   0   0   0   0   1  I/D  S
0023                  00113 ENTRY_MODE_SET
0023   3020           00114         MOVLW   B'00100000'
0024   0086           00115         MOVWF   PORTIOB
0025   2016           00116         CALL    STROBE
0026   3026           00117         MOVLW   B'00100110'
0027   0086           00118         MOVWF   PORTIOB
0028   2016           00119         CALL    STROBE
0029   0008           00120         RETURN
                      00121 
                      00122 ;RS RW DB7 DB6 DB5 DB4 DB3 DB2 DB1 DB0
                      00123 ;0  0   0   0   0   0   1   D   C   B
002A                  00124 SET_DISPLAY
002A   0094           00125         MOVWF   DISPLAY
002B   3020           00126         MOVLW   B'00100000'
002C   0086           00127         MOVWF   PORTIOB
002D   2016           00128         CALL    STROBE
002E   0814           00129         MOVFW   DISPLAY
002F   0086           00130         MOVWF   PORTIOB
0030   2016           00131         CALL    STROBE
0031   0008           00132         RETURN
                      00133 
                      00134 ;RS RW DB7 DB6 DB5 DB4 DB3 DB2 DB1 DB0
                      00135 ;0  0   0   1   A   A   A   A   A   A
0032                  00136 SET_CG_RAM_ADDRESS
0032   3024           00137         MOVLW   B'00100100'
0033   0086           00138         MOVWF   PORTIOB
0034   2016           00139         CALL    STROBE
0035   3020           00140         MOVLW   B'00100000'
0036   0086           00141         MOVWF   PORTIOB
0037   2016           00142         CALL    STROBE
0038   0008           00143         RETURN
MPASM  5.50                BINARY2DECIMAL.ASM   8-14-2018  16:11:20         PAGE  4


LOC  OBJECT CODE     LINE SOURCE TEXT
  VALUE

                      00144 
                      00145 ;RS RW DB7 DB6 DB5 DB4 DB3 DB2 DB1 DB0
                      00146 ;0  0   1   A   A   A   A   A   A   A
0039                  00147 SET_DD_RAM_ADDRESS
0039   3028           00148         MOVLW   B'00101000'
003A   0086           00149         MOVWF   PORTIOB
003B   2016           00150         CALL    STROBE
003C   3020           00151         MOVLW   B'00100000'
003D   0086           00152         MOVWF   PORTIOB
003E   2016           00153         CALL    STROBE
003F   0008           00154         RETURN
                      00155 
                      00156 ;RS RW DB7 DB6 DB5 DB4 DB3 DB2 DB1 DB0
                      00157 ;0  0   0   0   0   1  S/C R/L  *   *
                      00158 
                      00159 ;S/C R/L
                      00160 ;=== ===
                      00161 ; 1   0   Shifts the entire display to the left
                      00162 ;         The cursor follows the display shift
                      00163 ; 1   1   Shifts the entire display to the right
                      00164 ;         The cursor follows the display shift
                      00165 
0040                  00166 SHIFT_DISPLAY_LEFT
0040   3021           00167         MOVLW   B'00100001'
0041   0086           00168         MOVWF   PORTIOB
0042   2016           00169         CALL    STROBE
0043   3028           00170         MOVLW   B'00101000'
0044   0086           00171         MOVWF   PORTIOB
0045   2016           00172         CALL    STROBE
0046   0008           00173         RETURN
                      00174 
                      00175 ;RS RW DB7 DB6 DB5 DB4 DB3 DB2 DB1 DB0
                      00176 ;0  0   0   0   0   1  S/C R/L  *   *
                      00177 
                      00178 ;S/C R/L
                      00179 ;=== ===
                      00180 ; 1   0   Shifts the entire display to the left
                      00181 ;         The cursor follows the display shift
                      00182 ; 1   1   Shifts the entire display to the right
                      00183 ;         The cursor follows the display shift
                      00184 
0047                  00185 SHIFT_DISPLAY_RIGHT
0047   3021           00186         MOVLW   B'00100001'
0048   0086           00187         MOVWF   PORTIOB
0049   2016           00188         CALL    STROBE
004A   302C           00189         MOVLW   B'00101100'
004B   0086           00190         MOVWF   PORTIOB
004C   2016           00191         CALL    STROBE
004D   0008           00192         RETURN
                      00193 
                      00194 ;RS RW DB7 DB6 DB5 DB4 DB3 DB2 DB1 DB0
                      00195 ;0  0   0   0   0   1  S/C R/L  *   *
                      00196 
MPASM  5.50                BINARY2DECIMAL.ASM   8-14-2018  16:11:20         PAGE  5


LOC  OBJECT CODE     LINE SOURCE TEXT
  VALUE

                      00197 ;S/C R/L
                      00198 ;=== ===
                      00199 ; 0   0   Shifts the cursor position to the left
                      00200 ;         (Address Counter is decremented by 1)
                      00201 ; 0   1   Shifts the cursor position to the right
                      00202 ;         (Address Counter is incremented by 1)
                      00203 
004E                  00204 MOVE_CURSOR
004E   0093           00205         MOVWF   DIRECTION
004F   3021           00206         MOVLW   B'00100001'
0050   0086           00207         MOVWF   PORTIOB
0051   2016           00208         CALL    STROBE
0052   0813           00209         MOVFW   DIRECTION
0053   0086           00210         MOVWF   PORTIOB
0054   2016           00211         CALL    STROBE
0055   0008           00212         RETURN
                      00213 
                      00214 ;RS RW DB7 DB6 DB5 DB4 DB3 DB2 DB1 DB0
                      00215 ;0  0   0   0   0   0   0   0   0   1
0056                  00216 CLEAR_DISPLAY
0056   3020           00217         MOVLW   B'00100000'
0057   0086           00218         MOVWF   PORTIOB
0058   2016           00219         CALL    STROBE
0059   3021           00220         MOVLW   B'00100001'
005A   0086           00221         MOVWF   PORTIOB
005B   2016           00222         CALL    STROBE
005C   0008           00223         RETURN
                      00224 
                      00225 ;RS RW DB7 DB6 DB5 DB4 DB3 DB2 DB1 DB0
                      00226 ;0  0   0   0   0   0   0   0   1   0
005D                  00227 RETURN_HOME
005D   3020           00228         MOVLW   B'00100000'
005E   0086           00229         MOVWF   PORTIOB
005F   2016           00230         CALL    STROBE
0060   3022           00231         MOVLW   B'00100010'
0061   0086           00232         MOVWF   PORTIOB
0062   2016           00233         CALL    STROBE
0063   0008           00234         RETURN
                      00235 
0064                  00236 GOTO_LINE
0064   0086           00237         MOVWF   PORTIOB
0065   2016           00238         CALL    STROBE
0066   3020           00239         MOVLW   B'00100000'
0067   0086           00240         MOVWF   PORTIOB
0068   2016           00241         CALL    STROBE
0069   0008           00242         RETURN
                      00243 
006A                  00244 SEND_CHAR
006A   0090           00245         MOVWF   CHAR            ;MOVE CONTENTS OF REGISTER 'W' INTO
                      00246                                 ;THE ELEMENT OF VARIABLE 'CHAR'
006B   39F0           00247         ANDLW   B'11110000'     ;MASK OUT UPPER 4-BITS
006C   3E03           00248         ADDLW   B'00000011'     ;ADD 2-BITS (BIT 1 & 2)
006D   0091           00249         MOVWF   NIBBLE          ;MOVE CONTENTS OF REGISTER 'W' INTO
MPASM  5.50                BINARY2DECIMAL.ASM   8-14-2018  16:11:20         PAGE  6


LOC  OBJECT CODE     LINE SOURCE TEXT
  VALUE

                      00250                                 ;CONTENTS OF VARIABLE 'NIBBLE'
006E   0E11           00251         SWAPF   NIBBLE,W        ;SWAP UPPER AND LOWER 4-BITS AND
                      00252                                 ;PLACE RESULT INTO REGISTER 'W'
006F   0086           00253         MOVWF   PORTIOB         ;MOVE CONTENTS OF REGISTER 'W' INTO
                      00254                                 ;THE ELEMENT OF VARIABLE PORTIOB
0070   2016           00255         CALL    STROBE
0071   0810           00256         MOVFW   CHAR            ;MOVE THE CONTENTS OF VARIABLE 'CHAR'
                      00257                                 ;INTO THE REGISTER 'W'
0072   390F           00258         ANDLW   B'00001111'
0073   3E30           00259         ADDLW   B'00110000'
0074   0086           00260         MOVWF   PORTIOB
0075   2016           00261         CALL    STROBE
0076   0008           00262         RETURN
                      00263 
0077                  00264 DEFINE_CHARACTER_0
0077   2032           00265         CALL SET_CG_RAM_ADDRESS
                      00266 
0078   3008           00267         MOVLW   B'00001000'
0079   206A           00268         CALL    SEND_CHAR
007A   300C           00269         MOVLW   B'00001100'
007B   206A           00270         CALL    SEND_CHAR
007C   300A           00271         MOVLW   B'00001010'
007D   206A           00272         CALL    SEND_CHAR
007E   3009           00273         MOVLW   B'00001001'
007F   206A           00274         CALL    SEND_CHAR
0080   3009           00275         MOVLW   B'00001001'
0081   206A           00276         CALL    SEND_CHAR
0082   300A           00277         MOVLW   B'00001010'
0083   206A           00278         CALL    SEND_CHAR
0084   300C           00279         MOVLW   B'00001100'
0085   206A           00280         CALL    SEND_CHAR
0086   3008           00281         MOVLW   B'00001000'
0087   206A           00282         CALL    SEND_CHAR
0088   0008           00283         RETURN
                      00284 
0089                  00285 INITIALISE_LCD
0089   0186           00286         CLRF    PORTIOB         ;ENSURE PORT IS CLEAR
008A   3000           00287         MOVLW   B'00000000'     ;SET PORT BITS 0-7 AS OUTPUT
008B   1683           00288         BANKSEL TRISB
008C   0086           00289         MOVWF   PORTIOB
                      00290 
008D   3000           00291         MOVLW   ZERO            ;SET DELAY BY SETTING REGISTER 'W' TO ZERO
008E   2012           00292         CALL    SET_DELAY       ;SET WDT TO ZERO
008F   2019           00293         CALL    SET_FUNCTION    ;SET LCD FUNCTION
0090   302B           00294         MOVLW   DISPLAY_OFF
0091   202A           00295         CALL    SET_DISPLAY     ;SET LCD DISPLAY
0092   2023           00296         CALL    ENTRY_MODE_SET  ;SET LCD ENTRY MODE
0093   2077           00297         CALL    DEFINE_CHARACTER_0
0094   3028           00298         MOVLW   LINE1
0095   2064           00299         CALL    GOTO_LINE
0096   0008           00300         RETURN
                      00017 
0097                  00018 TITLE_PAGE
MPASM  5.50                BINARY2DECIMAL.ASM   8-14-2018  16:11:20         PAGE  7


LOC  OBJECT CODE     LINE SOURCE TEXT
  VALUE

0097   3042           00019         MOVLW   'B'
0098   206A           00020         CALL    SEND_CHAR             
0099   3069           00021         MOVLW   'i'
009A   206A           00022         CALL    SEND_CHAR             
009B   306E           00023         MOVLW   'n'
009C   206A           00024         CALL    SEND_CHAR             
009D   3061           00025         MOVLW   'a'
009E   206A           00026         CALL    SEND_CHAR             
009F   3072           00027         MOVLW   'r'
00A0   206A           00028         CALL    SEND_CHAR
00A1   3079           00029         MOVLW   'y'
00A2   206A           00030         CALL    SEND_CHAR             
00A3   3020           00031         MOVLW   ' '
00A4   206A           00032         CALL    SEND_CHAR
00A5   3032           00033         MOVLW   '2'
00A6   206A           00034         CALL    SEND_CHAR
00A7   3020           00035         MOVLW   ' '
00A8   206A           00036         CALL    SEND_CHAR     
00A9   3044           00037         MOVLW   'D'
00AA   206A           00038         CALL    SEND_CHAR             
00AB   3065           00039         MOVLW   'e'
00AC   206A           00040         CALL    SEND_CHAR             
00AD   3063           00041         MOVLW   'c'
00AE   206A           00042         CALL    SEND_CHAR             
00AF   3069           00043         MOVLW   'i'
00B0   206A           00044         CALL    SEND_CHAR             
00B1   306D           00045         MOVLW   'm'
00B2   206A           00046         CALL    SEND_CHAR             
00B3   3061           00047         MOVLW   'a'
00B4   206A           00048         CALL    SEND_CHAR
00B5   306C           00049         MOVLW   'l'
00B6   206A           00050         CALL    SEND_CHAR       
                      00051 
00B7   302C           00052         MOVLW   LINE2
00B8   2064           00053         CALL    GOTO_LINE
                      00054 
00B9   3042           00055         MOVLW   'B'
00BA   206A           00056         CALL    SEND_CHAR
00BB   3079           00057         MOVLW   'y'
00BC   206A           00058         CALL    SEND_CHAR             
00BD   3020           00059         MOVLW   ' '
00BE   206A           00060         CALL    SEND_CHAR             
00BF   304E           00061         MOVLW   'N'
00C0   206A           00062         CALL    SEND_CHAR             
00C1   3065           00063         MOVLW   'e'
00C2   206A           00064         CALL    SEND_CHAR 
00C3   306F           00065         MOVLW   'o'
00C4   206A           00066         CALL    SEND_CHAR            
00C5   3020           00067         MOVLW   ' '
00C6   206A           00068         CALL    SEND_CHAR
00C7   3041           00069         MOVLW   'A'
00C8   206A           00070         CALL    SEND_CHAR             
00C9   3079           00071         MOVLW   'y'
MPASM  5.50                BINARY2DECIMAL.ASM   8-14-2018  16:11:20         PAGE  8


LOC  OBJECT CODE     LINE SOURCE TEXT
  VALUE

00CA   206A           00072         CALL    SEND_CHAR
00CB   3065           00073         MOVLW   'e'
00CC   206A           00074         CALL    SEND_CHAR
00CD   3073           00075         MOVLW   's'
00CE   206A           00076         CALL    SEND_CHAR     
00CF   3074           00077         MOVLW   't'
00D0   206A           00078         CALL    SEND_CHAR             
00D1   3061           00079         MOVLW   'a'
00D2   206A           00080         CALL    SEND_CHAR             
00D3   3072           00081         MOVLW   'r'
00D4   206A           00082         CALL    SEND_CHAR             
00D5   3061           00083         MOVLW   'a'
00D6   206A           00084         CALL    SEND_CHAR             
00D7   306E           00085         MOVLW   'n'
00D8   206A           00086         CALL    SEND_CHAR             
                      00087         ;MOVLW   0
                      00088         ;CALL    SEND_CHAR
00D9   200C           00089         CALL     DELAY50
00DA   200C           00090         CALL     DELAY50
00DB   200C           00091         CALL     DELAY50
00DC   0008           00092         RETURN
                      00093 
00DD                  00094 MODE_PAGE
00DD   3035           00095             MOVLW   '5'
00DE   206A           00096         CALL    SEND_CHAR             
00DF   3073           00097         MOVLW   's'
00E0   206A           00098         CALL    SEND_CHAR             
00E1   3065           00099         MOVLW   'e'
00E2   206A           00100         CALL    SEND_CHAR             
00E3   3063           00101         MOVLW   'c'
00E4   206A           00102         CALL    SEND_CHAR             
00E5   3020           00103         MOVLW   ' '
00E6   206A           00104         CALL    SEND_CHAR
00E7   3054           00105         MOVLW   'T'
00E8   206A           00106         CALL    SEND_CHAR             
00E9   3069           00107         MOVLW   'i'
00EA   206A           00108         CALL    SEND_CHAR             
00EB   306D           00109         MOVLW   'm'
00EC   206A           00110         CALL    SEND_CHAR             
00ED   3065           00111         MOVLW   'e'
00EE   206A           00112         CALL    SEND_CHAR             
00EF   3064           00113         MOVLW   'd'
00F0   206A           00114         CALL    SEND_CHAR
00F1   3020           00115         MOVLW   ' '
00F2   206A           00116         CALL    SEND_CHAR             
00F3   304D           00117         MOVLW   'M'
00F4   206A           00118         CALL    SEND_CHAR
00F5   306F           00119         MOVLW   'o'
00F6   206A           00120         CALL    SEND_CHAR
00F7   3064           00121         MOVLW   'd'
00F8   206A           00122         CALL    SEND_CHAR     
00F9   3065           00123         MOVLW   'e'
00FA   206A           00124         CALL    SEND_CHAR             
MPASM  5.50                BINARY2DECIMAL.ASM   8-14-2018  16:11:20         PAGE  9


LOC  OBJECT CODE     LINE SOURCE TEXT
  VALUE

00FB   303F           00125         MOVLW   '?'
00FC   206A           00126         CALL    SEND_CHAR   
                      00127           
00FD   302C           00128         MOVLW   LINE2
00FE   2064           00129         CALL    GOTO_LINE
                      00130 
00FF   3047           00131         MOVLW   'G'
0100   206A           00132         CALL    SEND_CHAR
0101   3072           00133         MOVLW   'r'
0102   206A           00134         CALL    SEND_CHAR             
0103   3065           00135         MOVLW   'e'
0104   206A           00136         CALL    SEND_CHAR             
0105   3065           00137         MOVLW   'e'
0106   206A           00138         CALL    SEND_CHAR             
0107   306E           00139         MOVLW   'n'
0108   206A           00140         CALL    SEND_CHAR 
0109   303D           00141         MOVLW   '='
010A   206A           00142         CALL    SEND_CHAR            
010B   3059           00143         MOVLW   'Y'
010C   206A           00144         CALL    SEND_CHAR
010D   3065           00145         MOVLW   'e'
010E   206A           00146         CALL    SEND_CHAR             
010F   3073           00147         MOVLW   's'
0110   206A           00148         CALL    SEND_CHAR
0111   302F           00149         MOVLW   '/'
0112   206A           00150         CALL    SEND_CHAR
0113   3052           00151         MOVLW   'R'
0114   206A           00152         CALL    SEND_CHAR     
0115   3065           00153         MOVLW   'e'
0116   206A           00154         CALL    SEND_CHAR             
0117   3064           00155         MOVLW   'd'
0118   206A           00156         CALL    SEND_CHAR             
0119   303D           00157         MOVLW   '='
011A   206A           00158         CALL    SEND_CHAR             
011B   304E           00159         MOVLW   'N'
011C   206A           00160         CALL    SEND_CHAR             
011D   3030           00161         MOVLW   '0'
011E   206A           00162         CALL    SEND_CHAR             
011F   0008           00163         RETURN
                      00164 
0120                  00165 GREEN_BUTTON
0120   1786           00166         BSF     PORTIOB,BIT7     ;GREEN LED ON
0121                  00167 GREEN_BUTTON_WAIT_FOR_DEPRESS
0121   2001           00168         CALL    DELAY
0122   1C85           00169         BTFSS   PORTIOA,BIT1
0123   2921           00170         GOTO    GREEN_BUTTON_WAIT_FOR_DEPRESS        
0124   1386           00171         BCF     PORTIOB,BIT7     ;GREEN LED OFF
0125   3001           00172         MOVLW   1
0126   0084           00173         MOVWF    TIMED_MODE     
0127   0008           00174         RETURN  
                      00175 
0128                  00176 RED_BUTTON
0128   1706           00177         BSF     PORTIOB,BIT6     ;RED LED ON
MPASM  5.50                BINARY2DECIMAL.ASM   8-14-2018  16:11:20         PAGE 10


LOC  OBJECT CODE     LINE SOURCE TEXT
  VALUE

0129                  00178 RED_BUTTON_WAIT_FOR_DEPRESS
0129   2001           00179         CALL    DELAY
012A   1C05           00180         BTFSS   PORTIOA,BIT0
012B   2929           00181         GOTO    RED_BUTTON_WAIT_FOR_DEPRESS       
012C   1306           00182         BCF     PORTIOB,BIT6     ;RED LED OFF
012D   3002           00183         MOVLW   2
012E   0084           00184         MOVWF   TIMED_MODE        
012F   0008           00185         RETURN
                      00186 
0130                  00187 MAIN
                      00188 
                      00189 ;== DEFINE PORT-A (A0-A4) ==
                      00190 ;===========================
                      00191 
  00000085            00192 TRISA       EQU     85H
  00000005            00193 PORTIOA     EQU     05H
                      00194 
                      00195 ;==== DECLARE VARIABLES ====
                      00196 ;===========================
                      00197 
  00000015            00198 COUNT           EQU 015H
  00000016            00199 INDEX           EQU 016H
  00000017            00200 HUNDREDS        EQU 017H
  00000018            00201 TENS            EQU 018H
  00000019            00202 NUMERIC         EQU 019H
  00000004            00203 TIMED_MODE      EQU 4
                      00204 
0130                  00205 SET_PORTIOAIN
0130   0185           00206         CLRF    PORTIOA         ;ENSURE PORT IS CLEAR
0131   301F           00207         MOVLW   B'00011111'     ;SET UP A0-A4 AS INPUTS
                      00208         ;TRIS    PORTIOA         ;DO IT    
0132   1683           00209         BANKSEL  TRISA
0133   0085           00210         MOVWF    PORTIOA
                      00211      
0134   2089           00212         CALL INITIALISE_LCD
                      00213 
0135   1706           00214         BSF     PORTIOB,BIT6     ;RED LED ON
0136   1786           00215         BSF     PORTIOB,BIT7     ;GREED LED ON
0137   2009           00216         CALL    DELAY10
0138   1306           00217         BCF     PORTIOB,BIT6     ;RED LED OFF
0139   1386           00218         BCF     PORTIOB,BIT7     ;GREED LED OFF
                      00219 
013A                  00220 SPLASH
013A   302F           00221         MOVLW   DISPLAY_ON
013B   202A           00222         CALL    SET_DISPLAY
013C   2097           00223         CALL    TITLE_PAGE    ;DISPLAY TITLE PAGE
013D   2009           00224         CALL    DELAY10
                      00225 
013E                  00226 DISPLAY_MODE_PAGE
013E   2056           00227         CALL    CLEAR_DISPLAY
013F   20DD           00228                 CALL    MODE_PAGE    ;DISPLAY TITLE PAGE
0140   3004           00229                 MOVLW   4
0141   0084           00230         MOVWF   TIMED_MODE
MPASM  5.50                BINARY2DECIMAL.ASM   8-14-2018  16:11:20         PAGE 11


LOC  OBJECT CODE     LINE SOURCE TEXT
  VALUE

                      00231  
0142                  00232 CHECK_MODE    
0142   2001           00233         CALL    DELAY
0143   1C85           00234         BTFSS   PORTIOA,BIT1                   ;TEST PORTA BIT1
0144   2120           00235         CALL    GREEN_BUTTON                   ;IF BIT1 IS SET LO THEN CALL GREEN_BUTTON
0145   1804           00236         BTFSC   TIMED_MODE,BIT0                ;TEST PORTA BIT1
0146   2A1B           00237         GOTO    DISPLAY_TIMED_RANDOM_BINARY    ;IF BIT1 IS SET LO THEN GOTO DISPLAY_TIMED_RANDOM_BINARY
                      00238         
0147   1C05           00239         BTFSS   PORTIOA,BIT0                   ;TEST PORTA BIT0
0148   2128           00240         CALL    RED_BUTTON                     ;IF BIT0 IS SET LO THEN CALL RED_BUTTON
0149   1884           00241         BTFSC   TIMED_MODE,BIT1                ;TEST PORTA BIT0
014A   29F2           00242         GOTO    DISPLAY_RANDOM_BINARY          ;IF BIT0 IS SET LO THEN GOTO DISPLAY_RANDOM_BINARY       
                             
                      00243         
014B   3015           00244         MOVLW   COUNT
014C   0A15           00245                 INCF    COUNT,W
014D   0095           00246                 MOVWF   COUNT
014E   0097           00247                 MOVWF   HUNDREDS
014F   0098           00248                 MOVWF   TENS
                      00249         
0150   2942           00250         GOTO    CHECK_MODE
                      00251 
0151                  00252 CONVERT_DECIMAL_TO_BINARY
                      00253 
0151   2056           00254         CALL    CLEAR_DISPLAY
0152   3043           00255                 MOVLW   'C'
0153   206A           00256         CALL    SEND_CHAR             
0154   306F           00257         MOVLW   'o'
0155   206A           00258         CALL    SEND_CHAR             
0156   306E           00259         MOVLW   'n'
0157   206A           00260         CALL    SEND_CHAR             
0158   3076           00261         MOVLW   'v'
0159   206A           00262         CALL    SEND_CHAR             
015A   3065           00263         MOVLW   'e'
015B   206A           00264         CALL    SEND_CHAR
015C   3072           00265         MOVLW   'r'
015D   206A           00266         CALL    SEND_CHAR
015E   3074           00267         MOVLW   't'
015F   206A           00268         CALL    SEND_CHAR
0160   3020           00269         MOVLW   ' '
0161   206A           00270         CALL    SEND_CHAR
                      00271         
0162   3031           00272         MOVLW   '1'
0163   1F95           00273                 BTFSS   COUNT,BIT7
0164   3030           00274         MOVLW   '0'  
0165   206A           00275                 CALL    SEND_CHAR
0166   3031           00276         MOVLW   '1'
0167   1F15           00277                 BTFSS   COUNT,BIT6
0168   3030           00278         MOVLW   '0'  
0169   206A           00279                 CALL    SEND_CHAR
016A   3031           00280         MOVLW   '1'
016B   1E95           00281                 BTFSS   COUNT,BIT5
016C   3030           00282         MOVLW   '0'  
MPASM  5.50                BINARY2DECIMAL.ASM   8-14-2018  16:11:20         PAGE 12


LOC  OBJECT CODE     LINE SOURCE TEXT
  VALUE

016D   206A           00283                 CALL    SEND_CHAR
016E   3031           00284         MOVLW   '1'
016F   1E15           00285                 BTFSS   COUNT,BIT4
0170   3030           00286         MOVLW   '0'  
0171   206A           00287                 CALL    SEND_CHAR
0172   3031           00288                 MOVLW   '1'
0173   1D95           00289                 BTFSS   COUNT,BIT3
0174   3030           00290         MOVLW   '0'  
0175   206A           00291                 CALL    SEND_CHAR
0176   3031           00292         MOVLW   '1'
0177   1D15           00293                 BTFSS   COUNT,BIT2
0178   3030           00294         MOVLW   '0'  
0179   206A           00295                 CALL    SEND_CHAR
017A   3031           00296         MOVLW   '1'
017B   1C95           00297                 BTFSS   COUNT,BIT1
017C   3030           00298         MOVLW   '0'  
017D   206A           00299                 CALL    SEND_CHAR
017E   3031           00300         MOVLW   '1'
017F   1C15           00301                 BTFSS   COUNT,BIT0
0180   3030           00302         MOVLW   '0'  
0181   206A           00303                 CALL    SEND_CHAR
0182   302C           00304         MOVLW   LINE2
0183   2064           00305         CALL    GOTO_LINE
0184   0008           00306         RETURN
                      00307 
0185                  00308 DISPLAY_DECIMAL
0185   2056           00309         CALL    CLEAR_DISPLAY
0186   3041           00310         MOVLW   'A'
0187   206A           00311         CALL    SEND_CHAR
0188   306E           00312         MOVLW   'n'
0189   206A           00313         CALL    SEND_CHAR             
018A   3073           00314         MOVLW   's'
018B   206A           00315         CALL    SEND_CHAR             
018C   3077           00316         MOVLW   'w'
018D   206A           00317         CALL    SEND_CHAR             
018E   3065           00318         MOVLW   'e'
018F   206A           00319         CALL    SEND_CHAR 
0190   3072           00320         MOVLW   'r'
0191   206A           00321         CALL    SEND_CHAR            
0192   3020           00322         MOVLW   ' '
0193   206A           00323         CALL    SEND_CHAR
0194   3069           00324         MOVLW   'i'
0195   206A           00325         CALL    SEND_CHAR             
0196   3073           00326         MOVLW   's'
0197   206A           00327         CALL    SEND_CHAR
0198   302E           00328                 MOVLW   '.'
0199   206A           00329         CALL    SEND_CHAR
019A   302E           00330         MOVLW   '.'
019B   206A           00331         CALL    SEND_CHAR
019C   302E           00332         MOVLW   '.'
019D   206A           00333         CALL    SEND_CHAR 
019E   3020           00334         MOVLW   ' '
019F   206A           00335         CALL    SEND_CHAR
MPASM  5.50                BINARY2DECIMAL.ASM   8-14-2018  16:11:20         PAGE 13


LOC  OBJECT CODE     LINE SOURCE TEXT
  VALUE

                      00336         
01A0   0196           00337                 CLRF    INDEX
01A1   0199           00338                 CLRF    NUMERIC
01A2                  00339 COUNT_HUNDREDS_LOOP     
01A2   2001           00340         CALL    DELAY
01A3   0A96           00341                 INCF    INDEX,F
01A4   0A99           00342                 INCF    NUMERIC,F
01A5   3064           00343                 MOVLW   .100
01A6   0297           00344                 SUBWF   HUNDREDS,F
01A7   1803           00345                 BTFSC   STATUS,C
01A8   29A2           00346                 GOTO    COUNT_HUNDREDS_LOOP     
01A9   0399           00347                 DECF    NUMERIC,F
01AA   0197           00348                 CLRF    HUNDREDS                
01AB   3030           00349                 MOVLW   .48
01AC   0719           00350                 ADDWF   NUMERIC,W       
01AD   0099           00351         MOVWF   NUMERIC
01AE   206A           00352         CALL    SEND_CHAR
                      00353 
01AF   1C96           00354         BTFSS   INDEX,BIT1
01B0   29B8           00355         GOTO    VALUE_LESS_THAN_100
                      00356 
01B1                  00357 REMOVE_HUNDREDS
01B1   2001           00358         CALL    DELAY
01B2   3064           00359         MOVLW   .100
01B3   0218           00360         SUBWF   TENS,W
01B4   0098           00361         MOVWF   TENS
01B5   0396           00362         DECF    INDEX,F
01B6   1C16           00363         BTFSS   INDEX,C
01B7   29B1           00364         GOTO    REMOVE_HUNDREDS
                      00365 
01B8                  00366 VALUE_LESS_THAN_100
01B8   0196           00367                 CLRF    INDEX
01B9   0199           00368                 CLRF    NUMERIC
                      00369         
01BA                  00370 COUNT_TENS_LOOP 
01BA   2001           00371         CALL    DELAY
01BB   0A96           00372                 INCF    INDEX,F
01BC   0A99           00373                 INCF    NUMERIC,F
01BD   300A           00374                 MOVLW   .10
01BE   0298           00375                 SUBWF   TENS,F
01BF   1803           00376                 BTFSC   STATUS,C
01C0   29BA           00377                 GOTO    COUNT_TENS_LOOP 
                      00378         
01C1   0399           00379                 DECF    NUMERIC,F               
01C2   3030           00380                 MOVLW   .48
01C3   0719           00381                 ADDWF   NUMERIC,W       
01C4   0099           00382         MOVWF   NUMERIC
01C5   206A           00383         CALL    SEND_CHAR
                      00384 
01C6   300A           00385         MOVLW   .10
01C7   0718           00386                 ADDWF   TENS,W       
01C8   0098           00387         MOVWF   TENS
                      00388 
MPASM  5.50                BINARY2DECIMAL.ASM   8-14-2018  16:11:20         PAGE 14


LOC  OBJECT CODE     LINE SOURCE TEXT
  VALUE

01C9   3030           00389                 MOVLW   .48
01CA   0718           00390                 ADDWF   TENS,W       
01CB   0098           00391         MOVWF   TENS
01CC   206A           00392         CALL    SEND_CHAR
01CD   0198           00393         CLRF    TENS
01CE   0196           00394         CLRF    INDEX
                      00395 
01CF   302C           00396         MOVLW   LINE2
01D0   2064           00397         CALL    GOTO_LINE
                      00398 
01D1   3050           00399         MOVLW   'P'
01D2   206A           00400         CALL    SEND_CHAR
01D3   3072           00401         MOVLW   'r'
01D4   206A           00402         CALL    SEND_CHAR             
01D5   3065           00403         MOVLW   'e'
01D6   206A           00404         CALL    SEND_CHAR             
01D7   3073           00405         MOVLW   's'
01D8   206A           00406         CALL    SEND_CHAR             
01D9   3073           00407         MOVLW   's'
01DA   206A           00408         CALL    SEND_CHAR 
01DB   3020           00409         MOVLW   ' '
01DC   206A           00410         CALL    SEND_CHAR            
01DD   3072           00411         MOVLW   'r'
01DE   206A           00412         CALL    SEND_CHAR
01DF   3065           00413         MOVLW   'e'
01E0   206A           00414         CALL    SEND_CHAR             
01E1   3064           00415         MOVLW   'd'
01E2   206A           00416         CALL    SEND_CHAR
01E3   3020           00417         MOVLW   ' '
01E4   206A           00418         CALL    SEND_CHAR
01E5   3074           00419         MOVLW   't'
01E6   206A           00420         CALL    SEND_CHAR     
01E7   306F           00421         MOVLW   'o'
01E8   206A           00422         CALL    SEND_CHAR             
01E9   3020           00423         MOVLW   ' '
01EA   206A           00424         CALL    SEND_CHAR             
01EB   3065           00425         MOVLW   'e'
01EC   206A           00426         CALL    SEND_CHAR             
01ED   306E           00427         MOVLW   'n'
01EE   206A           00428         CALL    SEND_CHAR             
01EF   3064           00429         MOVLW   'd'
01F0   206A           00430         CALL    SEND_CHAR       
01F1   0008           00431         RETURN
                      00432 
01F2                  00433 DISPLAY_RANDOM_BINARY
                      00434         
01F2   2151           00435         CALL    CONVERT_DECIMAL_TO_BINARY
                      00436         
01F3   302C           00437         MOVLW   LINE2
01F4   2064           00438         CALL    GOTO_LINE                
01F5   3047           00439         MOVLW   'G'
01F6   206A           00440         CALL    SEND_CHAR             
01F7   3072           00441         MOVLW   'r'
MPASM  5.50                BINARY2DECIMAL.ASM   8-14-2018  16:11:20         PAGE 15


LOC  OBJECT CODE     LINE SOURCE TEXT
  VALUE

01F8   206A           00442         CALL    SEND_CHAR             
01F9   3065           00443         MOVLW   'e'
01FA   206A           00444         CALL    SEND_CHAR             
01FB   3065           00445         MOVLW   'e'
01FC   206A           00446         CALL    SEND_CHAR             
01FD   306E           00447         MOVLW   'n'
01FE   206A           00448         CALL    SEND_CHAR             
01FF   3020           00449         MOVLW   ' '
0200   206A           00450         CALL    SEND_CHAR             
0201   3066           00451         MOVLW   'f'
0202   206A           00452         CALL    SEND_CHAR             
0203   306F           00453         MOVLW   'o'
0204   206A           00454         CALL    SEND_CHAR             
0205   3072           00455         MOVLW   'r'
0206   206A           00456         CALL    SEND_CHAR             
0207   3020           00457         MOVLW   ' '
0208   206A           00458         CALL    SEND_CHAR             
0209   3061           00459         MOVLW   'a'
020A   206A           00460         CALL    SEND_CHAR             
020B   306E           00461         MOVLW   'n'
020C   206A           00462         CALL    SEND_CHAR             
020D   3073           00463         MOVLW   's'
020E   206A           00464         CALL    SEND_CHAR             
020F   3077           00465         MOVLW   'w'
0210   206A           00466         CALL    SEND_CHAR             
0211   3065           00467         MOVLW   'e'
0212   206A           00468         CALL    SEND_CHAR             
0213   3072           00469         MOVLW   'r'
0214   206A           00470         CALL    SEND_CHAR             
                      00471 
0215                  00472 DISPLAY_RANDOM_BINARY_LOOP
0215   2001           00473         CALL    DELAY
0216   1C85           00474         BTFSS   PORTIOA,BIT1       ;TEST PORTA BIT1
0217   2120           00475         CALL    GREEN_BUTTON       ;IF BIT1 IS SET LO THEN CALL GREEN_BUTTON
0218   1804           00476         BTFSC   TIMED_MODE,BIT0    ;TEST PORTA BIT1
0219   2A52           00477         GOTO    REVEAL_ANSWER      ;IF BIT1 IS SET LO THEN GOTO REVEAL_ANSWER
                      00478         
021A   2A15           00479         GOTO    DISPLAY_RANDOM_BINARY_LOOP
                      00480 
021B                  00481 DISPLAY_TIMED_RANDOM_BINARY
                      00482 
021B   2151           00483         CALL    CONVERT_DECIMAL_TO_BINARY
021C   302C           00484         MOVLW   LINE2
021D   2064           00485         CALL    GOTO_LINE                
021E   3041           00486         MOVLW   'A'
021F   206A           00487         CALL    SEND_CHAR             
0220   306E           00488         MOVLW   'n'
0221   206A           00489         CALL    SEND_CHAR             
0222   3073           00490         MOVLW   's'
0223   206A           00491         CALL    SEND_CHAR             
0224   3077           00492         MOVLW   'w'
0225   206A           00493         CALL    SEND_CHAR             
0226   3065           00494         MOVLW   'e'
MPASM  5.50                BINARY2DECIMAL.ASM   8-14-2018  16:11:20         PAGE 16


LOC  OBJECT CODE     LINE SOURCE TEXT
  VALUE

0227   206A           00495         CALL    SEND_CHAR             
0228   3072           00496         MOVLW   'r'
0229   206A           00497         CALL    SEND_CHAR             
022A   3020           00498         MOVLW   ' '
022B   206A           00499         CALL    SEND_CHAR             
022C   3069           00500         MOVLW   'i'
022D   206A           00501         CALL    SEND_CHAR             
022E   306E           00502         MOVLW   'n'
022F   206A           00503         CALL    SEND_CHAR             
0230   3020           00504         MOVLW   ' '
0231   206A           00505         CALL    SEND_CHAR             
0232   3035           00506         MOVLW   '5'
0233   206A           00507         CALL    SEND_CHAR             
                      00508                    
0234                  00509 DISPLAY_TIMED_RANDOM_BINARY_LOOP
                      00510         
0234   200C           00511         CALL    DELAY50
0235   2009           00512         CALL    DELAY10
0236   3020           00513         MOVLW   LEFT
0237   204E           00514         CALL    MOVE_CURSOR
0238   2001           00515         CALL    DELAY
0239   3034           00516         MOVLW   '4'
023A   206A           00517         CALL    SEND_CHAR
                      00518 
023B   200C           00519         CALL    DELAY50
023C   2009           00520         CALL    DELAY10
023D   3020           00521         MOVLW   LEFT
023E   204E           00522         CALL    MOVE_CURSOR
023F   2001           00523         CALL    DELAY
0240   3033           00524         MOVLW   '3'
0241   206A           00525         CALL    SEND_CHAR
                      00526 
0242   200C           00527         CALL    DELAY50
0243   2009           00528         CALL    DELAY10
0244   3020           00529         MOVLW   LEFT
0245   204E           00530         CALL    MOVE_CURSOR
0246   2001           00531         CALL    DELAY
0247   3032           00532         MOVLW   '2'
0248   206A           00533         CALL    SEND_CHAR
                      00534 
0249   200C           00535         CALL    DELAY50
024A   2009           00536         CALL    DELAY10
024B   3020           00537         MOVLW   LEFT
024C   204E           00538         CALL    MOVE_CURSOR
024D   2001           00539         CALL    DELAY
024E   3031           00540         MOVLW   '1'
024F   206A           00541         CALL    SEND_CHAR
                      00542 
0250   200C           00543         CALL    DELAY50
0251   2009           00544         CALL    DELAY10
                      00545         ;GOTO    REVEAL_ANSWER
                      00546 
0252                  00547 REVEAL_ANSWER
MPASM  5.50                BINARY2DECIMAL.ASM   8-14-2018  16:11:20         PAGE 17


LOC  OBJECT CODE     LINE SOURCE TEXT
  VALUE

0252   2185           00548         CALL    DISPLAY_DECIMAL
                      00549 
0253                  00550 END_PROMPT   
0253   2001           00551         CALL    DELAY
0254   1C05           00552         BTFSS   PORTIOA,BIT0          ;TEST PORTA BIT0
0255   2128           00553         CALL    RED_BUTTON            ;IF BIT0 IS SET LO THEN CALL RED_BUTTON
0256   1884           00554         BTFSC   TIMED_MODE,BIT1       ;TEST PORTA BIT0
0257   293E           00555         GOTO    DISPLAY_MODE_PAGE     ;IF BIT0 IS SET LO THEN GOTO DISPLAY_MODE_PAGE        
                      00556 
0258   2A53           00557         GOTO    END_PROMPT
                      00558 
                      00559         END
MPASM  5.50                BINARY2DECIMAL.ASM   8-14-2018  16:11:20         PAGE 18


SYMBOL TABLE
  LABEL                             VALUE 

BIT0                              00000000
BIT1                              00000001
BIT2                              00000002
BIT3                              00000003
BIT4                              00000004
BIT5                              00000005
BIT6                              00000006
BIT7                              00000007
C                                 00000000
CHAR                              00000010
CHECK_MODE                        00000142
CLEAR_DISPLAY                     00000056
CONVERT_DECIMAL_TO_BINARY         00000151
COUNT                             00000015
COUNT_HUNDREDS_LOOP               000001A2
COUNT_TENS_LOOP                   000001BA
DB4                               00000000
DB5                               00000001
DB6                               00000002
DB7                               00000003
DEFINE_CHARACTER_0                00000077
DELAY                             00000001
DELAY10                           00000009
DELAY5                            00000003
DELAY50                           0000000C
DIRECTION                         00000013
DISPLAY                           00000014
DISPLAY_DECIMAL                   00000185
DISPLAY_MODE_PAGE                 0000013E
DISPLAY_OFF                       0000002B
DISPLAY_ON                        0000002F
DISPLAY_RANDOM_BINARY             000001F2
DISPLAY_RANDOM_BINARY_LOOP        00000215
DISPLAY_TIMED_RANDOM_BINARY       0000021B
DISPLAY_TIMED_RANDOM_BINARY_LOOP  00000234
ENABLE                            00000005
END_PROMPT                        00000253
ENTRY_MODE_SET                    00000023
GOTO_LINE                         00000064
GREEN_BUTTON                      00000120
GREEN_BUTTON_WAIT_FOR_DEPRESS     00000121
HUNDREDS                          00000017
INDEX                             00000016
INITIALISE_LCD                    00000089
LEFT                              00000020
LETTER                            00000012
LINE1                             00000028
LINE2                             0000002C
MAIN                              00000130
MODE_PAGE                         000000DD
MOVE_CURSOR                       0000004E
NIBBLE                            00000011
NUMERIC                           00000019
MPASM  5.50                BINARY2DECIMAL.ASM   8-14-2018  16:11:20         PAGE 19


SYMBOL TABLE
  LABEL                             VALUE 

OPTIONS                           00000088
OPTREG                            00000081
PC                                00000002
PORTIOA                           00000005
PORTIOB                           00000006
RED_BUTTON                        00000128
RED_BUTTON_WAIT_FOR_DEPRESS       00000129
REMOVE_HUNDREDS                   000001B1
RETURN_HOME                       0000005D
REVEAL_ANSWER                     00000252
RIGHT                             00000024
RP0FLAG                           00000005
RS                                00000004
SEND_CHAR                         0000006A
SET_CG_RAM_ADDRESS                00000032
SET_DD_RAM_ADDRESS                00000039
SET_DELAY                         00000012
SET_DISPLAY                       0000002A
SET_FUNCTION                      00000019
SET_PORTIOAIN                     00000130
SHIFT_DISPLAY_LEFT                00000040
SHIFT_DISPLAY_RIGHT               00000047
SPLASH                            0000013A
STATUS                            00000003
STROBE                            00000016
TENS                              00000018
TIMED_MODE                        00000004
TITLE_PAGE                        00000097
TRISA                             00000085
TRISB                             00000086
VALUE_LESS_THAN_100               000001B8
ZERO                              00000000
__16F84A                          00000001


MEMORY USAGE MAP ('X' = Used,  '-' = Unused)

0000 : XXXXXXXXXXXXXXXX XXXXXXXXXXXXXXXX XXXXXXXXXXXXXXXX XXXXXXXXXXXXXXXX
0040 : XXXXXXXXXXXXXXXX XXXXXXXXXXXXXXXX XXXXXXXXXXXXXXXX XXXXXXXXXXXXXXXX
0080 : XXXXXXXXXXXXXXXX XXXXXXXXXXXXXXXX XXXXXXXXXXXXXXXX XXXXXXXXXXXXXXXX
00C0 : XXXXXXXXXXXXXXXX XXXXXXXXXXXXXXXX XXXXXXXXXXXXXXXX XXXXXXXXXXXXXXXX
0100 : XXXXXXXXXXXXXXXX XXXXXXXXXXXXXXXX XXXXXXXXXXXXXXXX XXXXXXXXXXXXXXXX
0140 : XXXXXXXXXXXXXXXX XXXXXXXXXXXXXXXX XXXXXXXXXXXXXXXX XXXXXXXXXXXXXXXX
0180 : XXXXXXXXXXXXXXXX XXXXXXXXXXXXXXXX XXXXXXXXXXXXXXXX XXXXXXXXXXXXXXXX
01C0 : XXXXXXXXXXXXXXXX XXXXXXXXXXXXXXXX XXXXXXXXXXXXXXXX XXXXXXXXXXXXXXXX
0200 : XXXXXXXXXXXXXXXX XXXXXXXXXXXXXXXX XXXXXXXXXXXXXXXX XXXXXXXXXXXXXXXX
MPASM  5.50                BINARY2DECIMAL.ASM   8-14-2018  16:11:20         PAGE 20


MEMORY USAGE MAP ('X' = Used,  '-' = Unused)


0240 : XXXXXXXXXXXXXXXX XXXXXXXXX------- ---------------- ----------------

All other memory blocks unused.

Program Memory Words Used:   601
Program Memory Words Free:   423


Errors   :     0
Warnings :     0 reported,     0 suppressed
Messages :     0 reported,     0 suppressed

